Arguments: 
  /usr/local/bin/node /home/agwa/.yarn/bin/yarn.js

PATH: 
  /home/agwa/.yarn/bin:/home/agwa/.config/yarn/global/node_modules/.bin:/usr/local/sbin:/usr/local/bin:/usr/sbin:/usr/bin:/sbin:/bin:/usr/games:/usr/local/games:/snap/bin

Yarn version: 
  1.22.17

Node version: 
  14.17.3

Platform: 
  linux x64

Trace: 
  Error: ENOENT: no such file or directory, open '/home/agwa/.cache/yarn/v6/npm-esbuild-linux-64-0.14.23-c04c438514f1359ecb1529205d0c836d4165f198-integrity/node_modules/esbuild-linux-64/.yarn-metadata.json'

npm manifest: 
  {
    "name": "secondstech-react-test",
    "private": true,
    "version": "0.0.0",
    "scripts": {
      "dev": "vite",
      "build": "vite build",
      "preview": "vite preview"
    },
    "dependencies": {
      "react": "^17.0.2",
      "react-dom": "^17.0.2"
    },
    "devDependencies": {
      "@vitejs/plugin-react": "^1.0.7",
      "vite": "^2.8.0"
    }
  }

yarn manifest: 
  No manifest

Lockfile: 
  No lockfile
